c:\users\colta\downloads\processexplorer-master\processexplorer\debug\vc143.pdb
c:\users\colta\downloads\processexplorer-master\processexplorer\debug\vc143.idb
c:\users\colta\downloads\processexplorer-master\processexplorer\debug\groupbox.obj
c:\users\colta\downloads\processexplorer-master\processexplorer\debug\gridview.obj
c:\users\colta\downloads\processexplorer-master\processexplorer\debug\editbox.obj
c:\users\colta\downloads\processexplorer-master\processexplorer\debug\combobox.obj
c:\users\colta\downloads\processexplorer-master\processexplorer\debug\checkbox.obj
c:\users\colta\downloads\processexplorer-master\processexplorer\debug\button.obj
c:\users\colta\downloads\processexplorer-master\processexplorer\debug\control.obj
c:\users\colta\downloads\processexplorer-master\processexplorer\debug\timer.obj
c:\users\colta\downloads\processexplorer-master\processexplorer\debug\string.obj
c:\users\colta\downloads\processexplorer-master\processexplorer\debug\pmfile.obj
c:\users\colta\downloads\processexplorer-master\processexplorer\debug\time.obj
c:\users\colta\downloads\processexplorer-master\processexplorer\debug\strfuncs.obj
c:\users\colta\downloads\processexplorer-master\processexplorer\debug\osdfile.obj
c:\users\colta\downloads\processexplorer-master\processexplorer\debug\matrix.obj
c:\users\colta\downloads\processexplorer-master\processexplorer\debug\file.obj
c:\users\colta\downloads\processexplorer-master\processexplorer\debug\dir.obj
c:\users\colta\downloads\processexplorer-master\processexplorer\debug\win32thread.obj
c:\users\colta\downloads\processexplorer-master\processexplorer\debug\win32process.obj
c:\users\colta\downloads\processexplorer-master\processexplorer\debug\processexplorer.obj
c:\users\colta\downloads\processexplorer-master\processexplorer\debug\osdcontrol.obj
c:\users\colta\downloads\processexplorer-master\processexplorer\debug\osdcombobox.obj
c:\users\colta\downloads\processexplorer-master\processexplorer\debug\osdcheckbox.obj
c:\users\colta\downloads\processexplorer-master\processexplorer\debug\osdbutton.obj
c:\users\colta\downloads\processexplorer-master\processexplorer\debug\osdbase.obj
c:\users\colta\downloads\processexplorer-master\processexplorer\debug\menu.obj
c:\users\colta\downloads\processexplorer-master\processexplorer\debug\verticallayout.obj
c:\users\colta\downloads\processexplorer-master\processexplorer\debug\linearlayout.obj
c:\users\colta\downloads\processexplorer-master\processexplorer\debug\layout.obj
c:\users\colta\downloads\processexplorer-master\processexplorer\debug\horizontallayout.obj
c:\users\colta\downloads\processexplorer-master\processexplorer\debug\font.obj
c:\users\colta\downloads\processexplorer-master\processexplorer\debug\filedialog.obj
c:\users\colta\downloads\processexplorer-master\processexplorer\debug\textlink.obj
c:\users\colta\downloads\processexplorer-master\processexplorer\debug\statusbar.obj
c:\users\colta\downloads\processexplorer-master\processexplorer\debug\separator.obj
c:\users\colta\downloads\processexplorer-master\processexplorer\debug\scrollview.obj
c:\users\colta\downloads\processexplorer-master\processexplorer\debug\scrollbar.obj
c:\users\colta\downloads\processexplorer-master\processexplorer\debug\radiobutton.obj
c:\users\colta\downloads\processexplorer-master\processexplorer\debug\listview.obj
c:\users\colta\downloads\processexplorer-master\processexplorer\debug\label.obj
c:\users\colta\downloads\processexplorer-master\processexplorer\debug\paintingdevice.obj
c:\users\colta\downloads\processexplorer-master\processexplorer\debug\painter.obj
c:\users\colta\downloads\processexplorer-master\processexplorer\debug\bitmap.obj
c:\users\colta\downloads\processexplorer-master\processexplorer\debug\windowscontrols.obj
c:\users\colta\downloads\processexplorer-master\processexplorer\debug\uiobject.obj
c:\users\colta\downloads\processexplorer-master\processexplorer\debug\osdwindow.obj
c:\users\colta\downloads\processexplorer-master\processexplorer\debug\osduitools.obj
c:\users\colta\downloads\processexplorer-master\processexplorer\debug\osdstatusbar.obj
c:\users\colta\downloads\processexplorer-master\processexplorer\debug\osdscrollview.obj
c:\users\colta\downloads\processexplorer-master\processexplorer\debug\osdscrollbar.obj
c:\users\colta\downloads\processexplorer-master\processexplorer\debug\osdradiobutton.obj
c:\users\colta\downloads\processexplorer-master\processexplorer\debug\osdpaintingdevice.obj
c:\users\colta\downloads\processexplorer-master\processexplorer\debug\osdmenu.obj
c:\users\colta\downloads\processexplorer-master\processexplorer\debug\osdlistview.obj
c:\users\colta\downloads\processexplorer-master\processexplorer\debug\osdlabel.obj
c:\users\colta\downloads\processexplorer-master\processexplorer\debug\osdgroupbox.obj
c:\users\colta\downloads\processexplorer-master\processexplorer\debug\osdgridview.obj
c:\users\colta\downloads\processexplorer-master\processexplorer\debug\osdfont.obj
c:\users\colta\downloads\processexplorer-master\processexplorer\debug\osdfiledialog.obj
c:\users\colta\downloads\processexplorer-master\processexplorer\debug\osdeditbox.obj
c:\users\colta\downloads\processexplorer-master\processexplorer\debug\window.obj
c:\users\colta\downloads\processexplorer-master\processexplorer\debug\uitools.obj
c:\users\colta\downloads\processexplorer-master\processexplorer\debug\uiobj.obj
c:\users\colta\downloads\processexplorer-master\processexplorer\debug\uibase.obj
c:\users\colta\downloads\processexplorer-master\processexplorer\debug\transform.obj
c:\users\colta\downloads\processexplorer-master\processexplorer\debug\palette.obj
c:\users\colta\downloads\processexplorer-master\processexplorer\debug\processspawner.obj
c:\users\colta\downloads\processexplorer-master\processexplorer\debug\processexplorer.ilk
c:\users\colta\downloads\processexplorer-master\debug\processexplorer.exe
c:\users\colta\downloads\processexplorer-master\debug\processexplorer.pdb
c:\users\colta\downloads\processexplorer-master\processexplorer\debug\processexplorer.exe.embed.manifest.res
c:\users\colta\downloads\processexplorer-master\processexplorer\debug\processexplorer.exe.embed.manifest
c:\users\colta\downloads\processexplorer-master\processexplorer\debug\processexplorer_manifest.rc
c:\users\colta\downloads\processexplorer-master\processexplorer\debug\processexplorer.tlog\cl.command.1.tlog
c:\users\colta\downloads\processexplorer-master\processexplorer\debug\processexplorer.tlog\cl.read.1.tlog
c:\users\colta\downloads\processexplorer-master\processexplorer\debug\processexplorer.tlog\cl.write.1.tlog
c:\users\colta\downloads\processexplorer-master\processexplorer\debug\processexplorer.tlog\link.command.1.tlog
c:\users\colta\downloads\processexplorer-master\processexplorer\debug\processexplorer.tlog\link.read.1.tlog
c:\users\colta\downloads\processexplorer-master\processexplorer\debug\processexplorer.tlog\link.write.1.tlog
c:\users\colta\downloads\processexplorer-master\processexplorer\debug\processexplorer.tlog\rc.command.1.tlog
c:\users\colta\downloads\processexplorer-master\processexplorer\debug\processexplorer.tlog\rc.read.1.tlog
c:\users\colta\downloads\processexplorer-master\processexplorer\debug\processexplorer.tlog\rc.write.1.tlog
